<?xml version="1.0" encoding="UTF-8"?>
<!-- Generated by org.testng.reporters.JUnitReportReporter -->
<testsuite hostname="LAPTOP-EG336HHP" failures="0" tests="1" name="script.DemoTest2" time="5.197" errors="0" timestamp="2025-01-30T12:46:17 IST" skipped="0">
  <testcase classname="script.DemoTest2" name="testInvalidLogIn" time="5.197">
    <system-out>
      <![CDATA[Facebook – log in or sign up]]>
    </system-out>
  </testcase> <!-- testInvalidLogIn -->
  <system-out>
    <![CDATA[Facebook – log in or sign up
Facebook – log in or sign up]]>
  </system-out>
</testsuite> <!-- script.DemoTest2 -->
